  main.cpp
  ofApp.cpp
  Ball.cpp
  ColourTracker.cpp
  ofxCvColorImage.cpp
  ofxCvContourFinder.cpp
  ofxCvFloatImage.cpp
  ofxCvGrayscaleImage.cpp
  ofxCvHaarFinder.cpp
  ofxCvImage.cpp
  ofxCvShortImage.cpp
     Creating library bin\Opdracht-CVPongStart_debug.lib and object bin\Opdracht-CVPongStart_debug.exp
  Opdracht-CVPongStart.vcxproj -> D:\Openframeworks\of_v0.9.8_vs_release\of_v0.9.8_vs_release\apps\KM2\Opdracht-CVPongStart\bin\Opdracht-CVPongStart_debug.exe
  Opdracht-CVPongStart.vcxproj -> bin\Opdracht-CVPongStart_debug.pdb (Full PDB)
  
  	                   9	D:\Openframeworks\of_v0.9.8_vs_release\of_v0.9.8_vs_release\export\vs\Win32\
  	    New File  		 2939392	D:\Openframeworks\of_v0.9.8_vs_release\of_v0.9.8_vs_release\export\vs\Win32\assimp.dll
  	    New File  		 1266176	D:\Openframeworks\of_v0.9.8_vs_release\of_v0.9.8_vs_release\export\vs\Win32\fmodex.dll
  	    New File  		 1312768	D:\Openframeworks\of_v0.9.8_vs_release\of_v0.9.8_vs_release\export\vs\Win32\fmodexL.dll
  	    New File  		 5647872	D:\Openframeworks\of_v0.9.8_vs_release\of_v0.9.8_vs_release\export\vs\Win32\FreeImage.dll
  	    New File  		  580608	D:\Openframeworks\of_v0.9.8_vs_release\of_v0.9.8_vs_release\export\vs\Win32\freetype.dll
  	    New File  		  237568	D:\Openframeworks\of_v0.9.8_vs_release\of_v0.9.8_vs_release\export\vs\Win32\glut32.dll
  	    New File  		 1178624	D:\Openframeworks\of_v0.9.8_vs_release\of_v0.9.8_vs_release\export\vs\Win32\libeay32.dll
  	    New File  		  269824	D:\Openframeworks\of_v0.9.8_vs_release\of_v0.9.8_vs_release\export\vs\Win32\ssleay32.dll
  	    New File  		   69632	D:\Openframeworks\of_v0.9.8_vs_release\of_v0.9.8_vs_release\export\vs\Win32\Zlib.dll
